#
# There is insufficient memory for the Java Runtime Environment to continue.
# Native memory allocation (mmap) failed to map 134217728 bytes for Failed to commit area from 0x0000000081a00000 to 0x0000000089a00000 of length 134217728.
# Possible reasons:
#   The system is out of physical RAM or swap space
#   The process is running with CompressedOops enabled, and the Java Heap may be blocking the growth of the native heap
# Possible solutions:
#   Reduce memory load on the system
#   Increase physical memory or swap space
#   Check if swap backing store is full
#   Decrease Java heap size (-Xmx/-Xms)
#   Decrease number of Java threads
#   Decrease Java thread stack sizes (-Xss)
#   Set larger code cache with -XX:ReservedCodeCacheSize=
# This output file may be truncated or incomplete.
#
#  Out of Memory Error (./src/hotspot/os/windows/os_windows.cpp:3311), pid=7968, tid=2132
#
# JRE version:  (11.0.12+7) (build )
# Java VM: OpenJDK 64-Bit Server VM (11.0.12+7, mixed mode, sharing, tiered, compressed oops, g1 gc, windows-amd64)
# No core dump will be written. Minidumps are not enabled by default on client versions of Windows
#

---------------  S U M M A R Y ------------

Command Line: -XX:TieredStopAtLevel=1 -Xverify:none -Dspring.profiles.active=local -Dspring.output.ansi.enabled=always -javaagent:C:\Program Files\JetBrains\IntelliJ IDEA 2021.2\lib\idea_rt.jar=63922:C:\Program Files\JetBrains\IntelliJ IDEA 2021.2\bin -Dcom.sun.management.jmxremote -Dspring.jmx.enabled=true -Dspring.liveBeansView.mbeanDomain -Dspring.application.admin.enabled=true -Dfile.encoding=UTF-8 guru.springframework.jdbc.SdjpaJdbcApplication

Host: Intel(R) Core(TM) i5-4590S CPU @ 3.00GHz, 4 cores, 7G,  Windows 10 , 64 bit Build 19041 (10.0.19041.1466)
Time: Tue Feb  1 20:14:47 2022 Közép-európai téli idõ  elapsed time: 0.092023 seconds (0d 0h 0m 0s)

---------------  T H R E A D  ---------------

Current thread (0x000002cd2171c800):  JavaThread "Unknown thread" [_thread_in_vm, id=2132, stack(0x000000eecb700000,0x000000eecb800000)]

Stack: [0x000000eecb700000,0x000000eecb800000]
Native frames: (J=compiled Java code, j=interpreted, Vv=VM code, C=native code)
V  [jvm.dll+0x601d0a]
V  [jvm.dll+0x78ab6e]
V  [jvm.dll+0x78c23f]
V  [jvm.dll+0x78c903]
V  [jvm.dll+0x24be68]
V  [jvm.dll+0x5feeaa]
V  [jvm.dll+0x5f3965]
V  [jvm.dll+0x303b0c]
V  [jvm.dll+0x303992]
V  [jvm.dll+0x3086b6]
V  [jvm.dll+0x34d57f]
V  [jvm.dll+0x34cfb0]
V  [jvm.dll+0x2e0c18]
V  [jvm.dll+0x2e1d76]
V  [jvm.dll+0x765ef7]
V  [jvm.dll+0x76767f]
V  [jvm.dll+0x35a309]
V  [jvm.dll+0x748f80]
V  [jvm.dll+0x3c1f3f]
V  [jvm.dll+0x3c4411]
C  [jli.dll+0x5207]
C  [ucrtbase.dll+0x21bb2]
C  [KERNEL32.DLL+0x17034]
C  [ntdll.dll+0x52651]


---------------  P R O C E S S  ---------------

Threads class SMR info:
_java_thread_list=0x000002cd1f67b8f0, length=0, elements={
}

Java Threads: ( => current thread )

Other Threads:
  0x000002cd21736000 GCTaskThread "GC Thread#0" [stack: 0x000000eecb800000,0x000000eecb900000] [id=9324]
  0x000002cd21762000 ConcurrentGCThread "G1 Main Marker" [stack: 0x000000eecb900000,0x000000eecba00000] [id=4072]
  0x000002cd21763800 ConcurrentGCThread "G1 Conc#0" [stack: 0x000000eecba00000,0x000000eecbb00000] [id=3344]

[error occurred during error reporting (printing all threads), id 0xc0000005, EXCEPTION_ACCESS_VIOLATION (0xc0000005) at pc=0x00007ffcc81102e7]

VM state:not at safepoint (not fully initialized)

VM Mutex/Monitor currently owned by a thread:  ([mutex/lock_event])
[0x000002cd217199b0] Heap_lock - owner thread: 0x000002cd2171c800

Heap address: 0x0000000081a00000, size: 2022 MB, Compressed Oops mode: Non-zero based: 0x0000000081a00000
Narrow klass base: 0x0000000000000000, Narrow klass shift: 0

GC Heap History (0 events):
No events

Deoptimization events (0 events):
No events

Classes redefined (0 events):
No events

Internal exceptions (0 events):
No events

Events (1 events):
Event: 0.076 Loaded shared library C:\Program Files\Eclipse Foundation\jdk-11.0.12.7-hotspot\bin\zip.dll


Dynamic libraries:
0x00007ff764bc0000 - 0x00007ff764bcd000 	C:\Program Files\Eclipse Foundation\jdk-11.0.12.7-hotspot\bin\java.exe
0x00007ffd1d6f0000 - 0x00007ffd1d8e5000 	C:\Windows\SYSTEM32\ntdll.dll
0x00007ffd1d4e0000 - 0x00007ffd1d59e000 	C:\Windows\System32\KERNEL32.DLL
0x00007ffd1b130000 - 0x00007ffd1b3f8000 	C:\Windows\System32\KERNELBASE.dll
0x00007ffd1af20000 - 0x00007ffd1b020000 	C:\Windows\System32\ucrtbase.dll
0x00007ffd16000000 - 0x00007ffd16017000 	C:\Program Files\Eclipse Foundation\jdk-11.0.12.7-hotspot\bin\jli.dll
0x00007ffd1bbb0000 - 0x00007ffd1bd51000 	C:\Windows\System32\USER32.dll
0x00007ffd1b700000 - 0x00007ffd1b722000 	C:\Windows\System32\win32u.dll
0x00007ffd1d330000 - 0x00007ffd1d35b000 	C:\Windows\System32\GDI32.dll
0x00007ffd1b020000 - 0x00007ffd1b12d000 	C:\Windows\System32\gdi32full.dll
0x00007ffd1b400000 - 0x00007ffd1b49d000 	C:\Windows\System32\msvcp_win.dll
0x00007ffd08530000 - 0x00007ffd087ca000 	C:\Windows\WinSxS\amd64_microsoft.windows.common-controls_6595b64144ccf1df_6.0.19041.1110_none_60b5254171f9507e\COMCTL32.dll
0x00007ffd1bd60000 - 0x00007ffd1bdfe000 	C:\Windows\System32\msvcrt.dll
0x00007ffd15fe0000 - 0x00007ffd15ff5000 	C:\Program Files\Eclipse Foundation\jdk-11.0.12.7-hotspot\bin\VCRUNTIME140.dll
0x00007ffd1be00000 - 0x00007ffd1be30000 	C:\Windows\System32\IMM32.DLL
0x00007ffcd8e80000 - 0x00007ffcd8f1b000 	C:\Program Files\Eclipse Foundation\jdk-11.0.12.7-hotspot\bin\msvcp140.dll
0x00007ffcc7e20000 - 0x00007ffcc8979000 	C:\Program Files\Eclipse Foundation\jdk-11.0.12.7-hotspot\bin\server\jvm.dll
0x00007ffd1d5a0000 - 0x00007ffd1d64e000 	C:\Windows\System32\ADVAPI32.dll
0x00007ffd1bf10000 - 0x00007ffd1bfac000 	C:\Windows\System32\sechost.dll
0x00007ffd1c960000 - 0x00007ffd1ca85000 	C:\Windows\System32\RPCRT4.dll
0x00007ffd1d4c0000 - 0x00007ffd1d4c8000 	C:\Windows\System32\PSAPI.DLL
0x00007ffd05150000 - 0x00007ffd05159000 	C:\Windows\SYSTEM32\WSOCK32.dll
0x00007ffd1d3c0000 - 0x00007ffd1d42b000 	C:\Windows\System32\WS2_32.dll
0x00007ffd09a10000 - 0x00007ffd09a37000 	C:\Windows\SYSTEM32\WINMM.dll
0x00007ffd10470000 - 0x00007ffd1047a000 	C:\Windows\SYSTEM32\VERSION.dll
0x00007ffd18cd0000 - 0x00007ffd18ce2000 	C:\Windows\SYSTEM32\kernel.appcore.dll
0x00007ffd0de90000 - 0x00007ffd0dea0000 	C:\Program Files\Eclipse Foundation\jdk-11.0.12.7-hotspot\bin\verify.dll
0x00007ffd06530000 - 0x00007ffd06714000 	C:\Windows\SYSTEM32\DBGHELP.DLL
0x00007ffd05e10000 - 0x00007ffd05e3c000 	C:\Windows\SYSTEM32\dbgcore.DLL
0x00007ffd1ae00000 - 0x00007ffd1ae82000 	C:\Windows\System32\bcryptPrimitives.dll
0x00007ffd09c60000 - 0x00007ffd09c88000 	C:\Program Files\Eclipse Foundation\jdk-11.0.12.7-hotspot\bin\java.dll
0x00007ffd0dbc0000 - 0x00007ffd0dbca000 	C:\Program Files\Eclipse Foundation\jdk-11.0.12.7-hotspot\bin\jimage.dll
0x00007ffd0cbf0000 - 0x00007ffd0cbfe000 	C:\Program Files\Eclipse Foundation\jdk-11.0.12.7-hotspot\bin\instrument.dll
0x00007ffd0cf10000 - 0x00007ffd0cf27000 	C:\Program Files\Eclipse Foundation\jdk-11.0.12.7-hotspot\bin\zip.dll

dbghelp: loaded successfully - version: 4.0.5 - missing functions: none
symbol engine: initialized successfully - sym options: 0x614 - pdb path: .;C:\Program Files\Eclipse Foundation\jdk-11.0.12.7-hotspot\bin;C:\Windows\SYSTEM32;C:\Windows\WinSxS\amd64_microsoft.windows.common-controls_6595b64144ccf1df_6.0.19041.1110_none_60b5254171f9507e;C:\Program Files\Eclipse Foundation\jdk-11.0.12.7-hotspot\bin\server

VM Arguments:
jvm_args: -XX:TieredStopAtLevel=1 -Xverify:none -Dspring.profiles.active=local -Dspring.output.ansi.enabled=always -javaagent:C:\Program Files\JetBrains\IntelliJ IDEA 2021.2\lib\idea_rt.jar=63922:C:\Program Files\JetBrains\IntelliJ IDEA 2021.2\bin -Dcom.sun.management.jmxremote -Dspring.jmx.enabled=true -Dspring.liveBeansView.mbeanDomain -Dspring.application.admin.enabled=true -Dfile.encoding=UTF-8 
java_command: guru.springframework.jdbc.SdjpaJdbcApplication
java_class_path (initial): C:\Users\Computer\Documents\GitHub\sdjpa-jdbc-template\target\classes;C:\Users\Computer\.m2\repository\org\springframework\boot\spring-boot-starter-data-jpa\2.5.3\spring-boot-starter-data-jpa-2.5.3.jar;C:\Users\Computer\.m2\repository\org\springframework\boot\spring-boot-starter-aop\2.5.3\spring-boot-starter-aop-2.5.3.jar;C:\Users\Computer\.m2\repository\org\springframework\spring-aop\5.3.9\spring-aop-5.3.9.jar;C:\Users\Computer\.m2\repository\org\aspectj\aspectjweaver\1.9.7\aspectjweaver-1.9.7.jar;C:\Users\Computer\.m2\repository\org\springframework\boot\spring-boot-starter-jdbc\2.5.3\spring-boot-starter-jdbc-2.5.3.jar;C:\Users\Computer\.m2\repository\com\zaxxer\HikariCP\4.0.3\HikariCP-4.0.3.jar;C:\Users\Computer\.m2\repository\org\springframework\spring-jdbc\5.3.9\spring-jdbc-5.3.9.jar;C:\Users\Computer\.m2\repository\jakarta\transaction\jakarta.transaction-api\1.3.3\jakarta.transaction-api-1.3.3.jar;C:\Users\Computer\.m2\repository\jakarta\persistence\jakarta.persistence-api\2.2.3\jakarta.persistence-api-2.2.3.jar;C:\Users\Computer\.m2\repository\org\hibernate\hibernate-core\5.4.32.Final\hibernate-core-5.4.32.Final.jar;C:\Users\Computer\.m2\repository\org\jboss\logging\jboss-logging\3.4.2.Final\jboss-logging-3.4.2.Final.jar;C:\Users\Computer\.m2\repository\org\javassist\javassist\3.27.0-GA\javassist-3.27.0-GA.jar;C:\Users\Computer\.m2\repository\net\bytebuddy\byte-buddy\1.10.22\byte-buddy-1.10.22.jar;C:\Users\Computer\.m2\repository\antlr\antlr\2.7.7\antlr-2.7.7.jar;C:\Users\Computer\.m2\repository\org\jboss\jandex\2.2.3.Final\jandex-2.2.3.Final.jar;C:\Users\Computer\.m2\repository\com\fasterxml\classmate\1.5.1\classmate-1.5.1.jar;C:\Users\Computer\.m2\repository\org\dom4j\dom4j\2.1.3\dom4j-2.1.3.jar;C:\Users\Computer\.m2\repository\org\hibernate\common\hibernate-commons-annotations\5.1.2.Final\hibernate-commons-annotations-5.1.2.Final.jar;C:\Users\Computer\.m2\repository\org\glassfish\jaxb\jaxb-runtime\2.3.4\jaxb-runtime-2.3.4.jar;C:
Launcher Type: SUN_STANDARD

[Global flags]
     bool BytecodeVerificationLocal                = false                                     {product} {command line}
     bool BytecodeVerificationRemote               = false                                     {product} {command line}
     intx CICompilerCount                          = 3                                         {product} {ergonomic}
     uint ConcGCThreads                            = 1                                         {product} {ergonomic}
     uint G1ConcRefinementThreads                  = 4                                         {product} {ergonomic}
   size_t G1HeapRegionSize                         = 1048576                                   {product} {ergonomic}
    uintx GCDrainStackTargetSize                   = 64                                        {product} {ergonomic}
   size_t InitialHeapSize                          = 134217728                                 {product} {ergonomic}
     bool ManagementServer                         = true                                      {product} {command line}
   size_t MarkStackSize                            = 4194304                                   {product} {ergonomic}
   size_t MaxHeapSize                              = 2120220672                                {product} {ergonomic}
   size_t MinHeapDeltaBytes                        = 1048576                                   {product} {ergonomic}
    uintx NonNMethodCodeHeapSize                   = 6973028                                {pd product} {ergonomic}
    uintx NonProfiledCodeHeapSize                  = 244685212                              {pd product} {ergonomic}
    uintx ProfiledCodeHeapSize                     = 0                                      {pd product} {ergonomic}
    uintx ReservedCodeCacheSize                    = 251658240                              {pd product} {ergonomic}
     bool SegmentedCodeCache                       = true                                      {product} {ergonomic}
     intx TieredStopAtLevel                        = 1                                         {product} {command line}
     bool UseCompressedClassPointers               = true                                 {lp64_product} {ergonomic}
     bool UseCompressedOops                        = true                                 {lp64_product} {ergonomic}
     bool UseG1GC                                  = true                                      {product} {ergonomic}
     bool UseLargePagesIndividualAllocation        = false                                  {pd product} {ergonomic}

Logging:
Log output configuration:
 #0: stdout all=warning uptime,level,tags
 #1: stderr all=off uptime,level,tags

Environment Variables:
JAVA_HOME=C:\Users\Computer\.jdks\openjdk-16.0.2
PATH=C:\Python310\Scripts\;C:\Python310\;C:\Program Files\Eclipse Foundation\jdk-16.0.2.7-hotspot\bin;C:\Program Files\Eclipse Foundation\jdk-11.0.12.7-hotspot\bin;C:\Program Files (x86)\Common Files\Oracle\Java\javapath;C:\Windows\system32;C:\Windows;C:\Windows\System32\Wbem;C:\Windows\System32\WindowsPowerShell\v1.0\;C:\Windows\System32\OpenSSH\;C:\Program Files\Git\cmd;C:\Program Files\Microsoft SQL Server\130\Tools\Binn\;C:\Program Files\Microsoft SQL Server\Client SDK\ODBC\170\Tools\Binn\;C:\Program Files\Java\apache-maven-3.8.2-bin\apache-maven-3.8.2\bin;%GROOVY_HOME%bin;C:\Users\Computer\Desktop\Groovy\apache-groovy-sdk-3.0.9\groovy-3.0.9\bin;C:\Users\Computer\Desktop\gradle-6.9.1-bin\gradle-6.9.1\bin;C:\Users\Computer\Desktop\SpringBootCLI\spring-boot-cli-2.5.5-bin\spring-2.5.5\bin;C:\Program Files\dotnet\;C:\Program Files\nodejs\;C:\ProgramData\chocolatey\bin;C:\Program Files\Java\apacheNew\apache-maven-3.8.4-bin\apache-maven-3.8.4\bin;C:\Program Files\MySQL\MySQL Shell 8.0\bin\;C:\Users\Computer\AppData\Local\Microsoft\WindowsApps;C:\Users\Computer\AppData\Local\Programs\Microsoft VS Code\bin;C:\Program Files\JetBrains\PyCharm 2021.2\bin;;C:\Users\Computer\AppData\Local\GitHubDesktop\bin;C:\Program Files\JetBrains\IntelliJ IDEA 2021.2\bin;;C:\Users\Computer\.dotnet\tools;C:\Program Files\JetBrains\IntelliJ IDEA Educational Edition 2021.2.1\bin;;C:\Program Files\JetBrains\RubyMine 2021.2.3\bin;;C:\Users\Computer\AppData\Roaming\npm;C:\Program Files\JetBrains\DataGrip 2021.2.4\bin;;%MAVEN_HOME%\bin;C:\Program Files\Java\apache-maven-3.8.2-bin\apache-maven-3.8.2\bin;
USERNAME=Computer
OS=Windows_NT
PROCESSOR_IDENTIFIER=Intel64 Family 6 Model 60 Stepping 3, GenuineIntel



---------------  S Y S T E M  ---------------

OS: Windows 10 , 64 bit Build 19041 (10.0.19041.1466)
OS uptime: 6 days 19:13 hours
Hyper-V role detected

CPU:total 4 (initial active 4) (4 cores per cpu, 1 threads per core) family 6 model 60 stepping 3 microcode 0x27, cmov, cx8, fxsr, mmx, sse, sse2, sse3, ssse3, sse4.1, sse4.2, popcnt, avx, avx2, aes, clmul, erms, lzcnt, tsc, tscinvbit, bmi1, bmi2, fma

Memory: 4k page, system-wide physical 8082M (1062M free)
TotalPageFile size 13302M (AvailPageFile size 97M)
current process WorkingSet (physical memory assigned to process): 10M, peak: 10M
current process commit charge ("private bytes"): 49M, peak: 177M

vm_info: OpenJDK 64-Bit Server VM (11.0.12+7) for windows-amd64 JRE (11.0.12+7), built on Jul 21 2021 16:23:49 by "" with unknown MS VC++:1916

END.
